<?xml version="1.0" encoding="UTF-8"?>
<!-- Generated by org.testng.reporters.JUnitReportReporter -->
<testsuite hostname="LAPTOP-UK0ERGBL" failures="0" tests="1" name="org.testing.TestCases.TC5_DeleteRequest" time="1.220" errors="0" timestamp="2023-01-28T10:55:56 IST" skipped="0">
  <testcase classname="org.testing.TestCases.TC5_DeleteRequest" name="testcase5" time="1.220"/>
  <system-out/>
</testsuite> <!-- org.testing.TestCases.TC5_DeleteRequest -->
