<?xml version="1.0" encoding="UTF-8"?>
<!-- Generated by org.testng.reporters.JUnitReportReporter -->
<testsuite hostname="LAPTOP-UK0ERGBL" failures="0" tests="1" name="org.testing.TestCases.TC10_DeleteRequest" time="0.660" errors="0" timestamp="2023-01-28T10:55:56 IST" skipped="0">
  <testcase classname="org.testing.TestCases.TC10_DeleteRequest" name="testcase10" time="0.660"/>
  <system-out/>
</testsuite> <!-- org.testing.TestCases.TC10_DeleteRequest -->
