<?xml version="1.0" encoding="UTF-8"?>
<!-- Generated by org.testng.reporters.JUnitReportReporter -->
<testsuite hostname="B2C-IT-LAP317" name="org.testing.TestCases.TC1_PostRequest" tests="1" failures="0" timestamp="28 Dec 2022 05:39:16 GMT" time="4.746" errors="0">
  <testcase name="testcase1" time="4.746" classname="org.testing.TestCases.TC1_PostRequest"/>
</testsuite> <!-- org.testing.TestCases.TC1_PostRequest -->
