<?xml version="1.0" encoding="UTF-8"?>
<!-- Generated by org.testng.reporters.JUnitReportReporter -->
<testsuite hostname="B2C-IT-LAP317" name="org.testing.TestCases.TC3GetParticularRecord" tests="1" failures="0" timestamp="28 Dec 2022 05:39:16 GMT" time="0.727" errors="0">
  <testcase name="testcase3" time="0.727" classname="org.testing.TestCases.TC3GetParticularRecord"/>
</testsuite> <!-- org.testing.TestCases.TC3GetParticularRecord -->
