<?xml version="1.0" encoding="UTF-8"?>
<!-- Generated by org.testng.reporters.JUnitReportReporter -->
<testsuite hostname="B2C-IT-LAP317" name="org.testing.TestCases.TC2_GetAllRequest" tests="1" failures="0" timestamp="28 Dec 2022 05:39:16 GMT" time="0.832" errors="0">
  <testcase name="testcase2" time="0.832" classname="org.testing.TestCases.TC2_GetAllRequest"/>
</testsuite> <!-- org.testing.TestCases.TC2_GetAllRequest -->
