<?xml version="1.0" encoding="UTF-8"?>
<!-- Generated by org.testng.reporters.JUnitReportReporter -->
<testsuite hostname="LAPTOP-UK0ERGBL" failures="0" tests="1" name="org.testing.TestCases.TC9_PutRequest2" time="0.734" errors="0" timestamp="2023-01-28T10:55:56 IST" skipped="0">
  <testcase classname="org.testing.TestCases.TC9_PutRequest2" name="testcase9" time="0.734"/>
  <system-out/>
</testsuite> <!-- org.testing.TestCases.TC9_PutRequest2 -->
